1763579546.469251 client started (167971): version 3.2a, socket /tmp/tmux-900589/default, protocol 8
1763579546.469275 on Linux 6.8.0-87-generic #88~22.04.1-Ubuntu SMP PREEMPT_DYNAMIC Tue Oct 14 14:03:14 UTC 2
1763579546.469279 using libevent 2.1.12-stable (poll); ncurses 6.3
1763579546.469291 flags are 0x18010000
1763579546.469294 socket is /tmp/tmux-900589/default
1763579546.469304 trying connect
1763579546.469315 connect failed: No such file or directory
1763579546.469323 lock file is /tmp/tmux-900589/default.lock
1763579546.469337 flock succeeded
1763579546.469341 got lock (6)
1763579546.469346 trying connect
1763579546.469352 connect failed: No such file or directory
1763579546.469491 add peer 0x6242ed9f4c30: 7 ((nil))
1763579546.469734 sending message 100 to peer 0x6242ed9f4c30 (4 bytes)
1763579546.469742 sending message 111 to peer 0x6242ed9f4c30 (8 bytes)
1763579546.469746 sending message 101 to peer 0x6242ed9f4c30 (15 bytes)
1763579546.469750 sending message 109 to peer 0x6242ed9f4c30 (4 bytes)
1763579546.469753 sending message 102 to peer 0x6242ed9f4c30 (11 bytes)
1763579546.469757 sending message 108 to peer 0x6242ed9f4c30 (55 bytes)
1763579546.469761 sending message 112 to peer 0x6242ed9f4c30 (58 bytes)
1763579546.469766 sending message 112 to peer 0x6242ed9f4c30 (5 bytes)
1763579546.469770 sending message 112 to peer 0x6242ed9f4c30 (5 bytes)
1763579546.469773 sending message 112 to peer 0x6242ed9f4c30 (6 bytes)
1763579546.469777 sending message 112 to peer 0x6242ed9f4c30 (6 bytes)
1763579546.469780 sending message 112 to peer 0x6242ed9f4c30 (11 bytes)
1763579546.469784 sending message 112 to peer 0x6242ed9f4c30 (10 bytes)
1763579546.469787 sending message 112 to peer 0x6242ed9f4c30 (13 bytes)
1763579546.469796 sending message 112 to peer 0x6242ed9f4c30 (14 bytes)
1763579546.469803 sending message 112 to peer 0x6242ed9f4c30 (19 bytes)
1763579546.469808 sending message 112 to peer 0x6242ed9f4c30 (11 bytes)
1763579546.469814 sending message 112 to peer 0x6242ed9f4c30 (10 bytes)
1763579546.469818 sending message 112 to peer 0x6242ed9f4c30 (15 bytes)
1763579546.469823 sending message 112 to peer 0x6242ed9f4c30 (21 bytes)
1763579546.469827 sending message 112 to peer 0x6242ed9f4c30 (13 bytes)
1763579546.469830 sending message 112 to peer 0x6242ed9f4c30 (7 bytes)
1763579546.469834 sending message 112 to peer 0x6242ed9f4c30 (13 bytes)
1763579546.469837 sending message 112 to peer 0x6242ed9f4c30 (7 bytes)
1763579546.469841 sending message 112 to peer 0x6242ed9f4c30 (13 bytes)
1763579546.469844 sending message 112 to peer 0x6242ed9f4c30 (9 bytes)
1763579546.469847 sending message 112 to peer 0x6242ed9f4c30 (21 bytes)
1763579546.469851 sending message 112 to peer 0x6242ed9f4c30 (13 bytes)
1763579546.469854 sending message 112 to peer 0x6242ed9f4c30 (9 bytes)
1763579546.469858 sending message 112 to peer 0x6242ed9f4c30 (16 bytes)
1763579546.469862 sending message 112 to peer 0x6242ed9f4c30 (13 bytes)
1763579546.469868 sending message 112 to peer 0x6242ed9f4c30 (9 bytes)
1763579546.469873 sending message 112 to peer 0x6242ed9f4c30 (9 bytes)
1763579546.469877 sending message 112 to peer 0x6242ed9f4c30 (12 bytes)
1763579546.469882 sending message 112 to peer 0x6242ed9f4c30 (8 bytes)
1763579546.469887 sending message 112 to peer 0x6242ed9f4c30 (8 bytes)
1763579546.469892 sending message 112 to peer 0x6242ed9f4c30 (13 bytes)
1763579546.469897 sending message 112 to peer 0x6242ed9f4c30 (7 bytes)
1763579546.469904 sending message 112 to peer 0x6242ed9f4c30 (7 bytes)
1763579546.469909 sending message 112 to peer 0x6242ed9f4c30 (9 bytes)
1763579546.469915 sending message 112 to peer 0x6242ed9f4c30 (9 bytes)
1763579546.469920 sending message 112 to peer 0x6242ed9f4c30 (15 bytes)
1763579546.469925 sending message 112 to peer 0x6242ed9f4c30 (13 bytes)
1763579546.469930 sending message 112 to peer 0x6242ed9f4c30 (12 bytes)
1763579546.469935 sending message 112 to peer 0x6242ed9f4c30 (8 bytes)
1763579546.469940 sending message 112 to peer 0x6242ed9f4c30 (14 bytes)
1763579546.469944 sending message 112 to peer 0x6242ed9f4c30 (11 bytes)
1763579546.469955 sending message 112 to peer 0x6242ed9f4c30 (9 bytes)
1763579546.469960 sending message 112 to peer 0x6242ed9f4c30 (10 bytes)
1763579546.469965 sending message 112 to peer 0x6242ed9f4c30 (10 bytes)
1763579546.469969 sending message 112 to peer 0x6242ed9f4c30 (10 bytes)
1763579546.469975 sending message 112 to peer 0x6242ed9f4c30 (10 bytes)
1763579546.469981 sending message 112 to peer 0x6242ed9f4c30 (11 bytes)
1763579546.469987 sending message 112 to peer 0x6242ed9f4c30 (12 bytes)
1763579546.469992 sending message 112 to peer 0x6242ed9f4c30 (12 bytes)
1763579546.469998 sending message 112 to peer 0x6242ed9f4c30 (12 bytes)
1763579546.470004 sending message 112 to peer 0x6242ed9f4c30 (12 bytes)
1763579546.470009 sending message 112 to peer 0x6242ed9f4c30 (12 bytes)
1763579546.470014 sending message 112 to peer 0x6242ed9f4c30 (11 bytes)
1763579546.470019 sending message 112 to peer 0x6242ed9f4c30 (11 bytes)
1763579546.470024 sending message 112 to peer 0x6242ed9f4c30 (12 bytes)
1763579546.470029 sending message 112 to peer 0x6242ed9f4c30 (12 bytes)
1763579546.470034 sending message 112 to peer 0x6242ed9f4c30 (12 bytes)
1763579546.470038 sending message 112 to peer 0x6242ed9f4c30 (12 bytes)
1763579546.470043 sending message 112 to peer 0x6242ed9f4c30 (12 bytes)
1763579546.470049 sending message 112 to peer 0x6242ed9f4c30 (9 bytes)
1763579546.470054 sending message 112 to peer 0x6242ed9f4c30 (12 bytes)
1763579546.470060 sending message 112 to peer 0x6242ed9f4c30 (13 bytes)
1763579546.470065 sending message 112 to peer 0x6242ed9f4c30 (13 bytes)
1763579546.470070 sending message 112 to peer 0x6242ed9f4c30 (13 bytes)
1763579546.470075 sending message 112 to peer 0x6242ed9f4c30 (13 bytes)
1763579546.470080 sending message 112 to peer 0x6242ed9f4c30 (13 bytes)
1763579546.470085 sending message 112 to peer 0x6242ed9f4c30 (8 bytes)
1763579546.470089 sending message 112 to peer 0x6242ed9f4c30 (11 bytes)
1763579546.470094 sending message 112 to peer 0x6242ed9f4c30 (11 bytes)
1763579546.470099 sending message 112 to peer 0x6242ed9f4c30 (11 bytes)
1763579546.470104 sending message 112 to peer 0x6242ed9f4c30 (12 bytes)
1763579546.470109 sending message 112 to peer 0x6242ed9f4c30 (12 bytes)
1763579546.470115 sending message 112 to peer 0x6242ed9f4c30 (12 bytes)
1763579546.470120 sending message 112 to peer 0x6242ed9f4c30 (12 bytes)
1763579546.470126 sending message 112 to peer 0x6242ed9f4c30 (13 bytes)
1763579546.470130 sending message 112 to peer 0x6242ed9f4c30 (13 bytes)
1763579546.470135 sending message 112 to peer 0x6242ed9f4c30 (13 bytes)
1763579546.470140 sending message 112 to peer 0x6242ed9f4c30 (8 bytes)
1763579546.470146 sending message 112 to peer 0x6242ed9f4c30 (13 bytes)
1763579546.470152 sending message 112 to peer 0x6242ed9f4c30 (13 bytes)
1763579546.470157 sending message 112 to peer 0x6242ed9f4c30 (13 bytes)
1763579546.470163 sending message 112 to peer 0x6242ed9f4c30 (13 bytes)
1763579546.470167 sending message 112 to peer 0x6242ed9f4c30 (13 bytes)
1763579546.470172 sending message 112 to peer 0x6242ed9f4c30 (12 bytes)
1763579546.470177 sending message 112 to peer 0x6242ed9f4c30 (12 bytes)
1763579546.470182 sending message 112 to peer 0x6242ed9f4c30 (12 bytes)
1763579546.470187 sending message 112 to peer 0x6242ed9f4c30 (12 bytes)
1763579546.470193 sending message 112 to peer 0x6242ed9f4c30 (13 bytes)
1763579546.470199 sending message 112 to peer 0x6242ed9f4c30 (8 bytes)
1763579546.470204 sending message 112 to peer 0x6242ed9f4c30 (13 bytes)
1763579546.470209 sending message 112 to peer 0x6242ed9f4c30 (13 bytes)
1763579546.470213 sending message 112 to peer 0x6242ed9f4c30 (13 bytes)
1763579546.470218 sending message 112 to peer 0x6242ed9f4c30 (13 bytes)
1763579546.470223 sending message 112 to peer 0x6242ed9f4c30 (13 bytes)
1763579546.470228 sending message 112 to peer 0x6242ed9f4c30 (13 bytes)
1763579546.470233 sending message 112 to peer 0x6242ed9f4c30 (13 bytes)
1763579546.470238 sending message 112 to peer 0x6242ed9f4c30 (12 bytes)
1763579546.470243 sending message 112 to peer 0x6242ed9f4c30 (12 bytes)
1763579546.470251 sending message 112 to peer 0x6242ed9f4c30 (12 bytes)
1763579546.470255 sending message 112 to peer 0x6242ed9f4c30 (8 bytes)
1763579546.470260 sending message 112 to peer 0x6242ed9f4c30 (12 bytes)
1763579546.470266 sending message 112 to peer 0x6242ed9f4c30 (13 bytes)
1763579546.470272 sending message 112 to peer 0x6242ed9f4c30 (13 bytes)
1763579546.470278 sending message 112 to peer 0x6242ed9f4c30 (13 bytes)
1763579546.470283 sending message 112 to peer 0x6242ed9f4c30 (13 bytes)
1763579546.470288 sending message 112 to peer 0x6242ed9f4c30 (13 bytes)
1763579546.470293 sending message 112 to peer 0x6242ed9f4c30 (13 bytes)
1763579546.470298 sending message 112 to peer 0x6242ed9f4c30 (13 bytes)
1763579546.470304 sending message 112 to peer 0x6242ed9f4c30 (13 bytes)
1763579546.470311 sending message 112 to peer 0x6242ed9f4c30 (12 bytes)
1763579546.470317 sending message 112 to peer 0x6242ed9f4c30 (10 bytes)
1763579546.470322 sending message 112 to peer 0x6242ed9f4c30 (12 bytes)
1763579546.470328 sending message 112 to peer 0x6242ed9f4c30 (12 bytes)
1763579546.470333 sending message 112 to peer 0x6242ed9f4c30 (12 bytes)
1763579546.470338 sending message 112 to peer 0x6242ed9f4c30 (13 bytes)
1763579546.470344 sending message 112 to peer 0x6242ed9f4c30 (13 bytes)
1763579546.470350 sending message 112 to peer 0x6242ed9f4c30 (13 bytes)
1763579546.470355 sending message 112 to peer 0x6242ed9f4c30 (13 bytes)
1763579546.470361 sending message 112 to peer 0x6242ed9f4c30 (13 bytes)
1763579546.470367 sending message 112 to peer 0x6242ed9f4c30 (13 bytes)
1763579546.470372 sending message 112 to peer 0x6242ed9f4c30 (13 bytes)
1763579546.470378 sending message 112 to peer 0x6242ed9f4c30 (10 bytes)
1763579546.470383 sending message 112 to peer 0x6242ed9f4c30 (13 bytes)
1763579546.470388 sending message 112 to peer 0x6242ed9f4c30 (12 bytes)
1763579546.470393 sending message 112 to peer 0x6242ed9f4c30 (12 bytes)
1763579546.470399 sending message 112 to peer 0x6242ed9f4c30 (12 bytes)
1763579546.470404 sending message 112 to peer 0x6242ed9f4c30 (10 bytes)
1763579546.470409 sending message 112 to peer 0x6242ed9f4c30 (10 bytes)
1763579546.470414 sending message 112 to peer 0x6242ed9f4c30 (10 bytes)
1763579546.470420 sending message 112 to peer 0x6242ed9f4c30 (12 bytes)
1763579546.470425 sending message 112 to peer 0x6242ed9f4c30 (13 bytes)
1763579546.470430 sending message 112 to peer 0x6242ed9f4c30 (13 bytes)
1763579546.470435 sending message 112 to peer 0x6242ed9f4c30 (13 bytes)
1763579546.470441 sending message 112 to peer 0x6242ed9f4c30 (13 bytes)
1763579546.470447 sending message 112 to peer 0x6242ed9f4c30 (13 bytes)
1763579546.470452 sending message 112 to peer 0x6242ed9f4c30 (10 bytes)
1763579546.470457 sending message 112 to peer 0x6242ed9f4c30 (11 bytes)
1763579546.470462 sending message 112 to peer 0x6242ed9f4c30 (12 bytes)
1763579546.470467 sending message 112 to peer 0x6242ed9f4c30 (12 bytes)
1763579546.470472 sending message 112 to peer 0x6242ed9f4c30 (12 bytes)
1763579546.470478 sending message 112 to peer 0x6242ed9f4c30 (12 bytes)
1763579546.470483 sending message 112 to peer 0x6242ed9f4c30 (12 bytes)
1763579546.470488 sending message 112 to peer 0x6242ed9f4c30 (11 bytes)
1763579546.470494 sending message 112 to peer 0x6242ed9f4c30 (12 bytes)
1763579546.470499 sending message 112 to peer 0x6242ed9f4c30 (12 bytes)
1763579546.470504 sending message 112 to peer 0x6242ed9f4c30 (13 bytes)
1763579546.470510 sending message 112 to peer 0x6242ed9f4c30 (13 bytes)
1763579546.470515 sending message 112 to peer 0x6242ed9f4c30 (13 bytes)
1763579546.470521 sending message 112 to peer 0x6242ed9f4c30 (13 bytes)
1763579546.470527 sending message 112 to peer 0x6242ed9f4c30 (13 bytes)
1763579546.470533 sending message 112 to peer 0x6242ed9f4c30 (10 bytes)
1763579546.470539 sending message 112 to peer 0x6242ed9f4c30 (9 bytes)
1763579546.470544 sending message 112 to peer 0x6242ed9f4c30 (12 bytes)
1763579546.470548 sending message 112 to peer 0x6242ed9f4c30 (13 bytes)
1763579546.470553 sending message 112 to peer 0x6242ed9f4c30 (13 bytes)
1763579546.470561 sending message 112 to peer 0x6242ed9f4c30 (13 bytes)
1763579546.470567 sending message 112 to peer 0x6242ed9f4c30 (13 bytes)
1763579546.470572 sending message 112 to peer 0x6242ed9f4c30 (13 bytes)
1763579546.470577 sending message 112 to peer 0x6242ed9f4c30 (9 bytes)
1763579546.470582 sending message 112 to peer 0x6242ed9f4c30 (12 bytes)
1763579546.470586 sending message 112 to peer 0x6242ed9f4c30 (13 bytes)
1763579546.470596 sending message 112 to peer 0x6242ed9f4c30 (13 bytes)
1763579546.470602 sending message 112 to peer 0x6242ed9f4c30 (13 bytes)
1763579546.470609 sending message 112 to peer 0x6242ed9f4c30 (13 bytes)
1763579546.470615 sending message 112 to peer 0x6242ed9f4c30 (13 bytes)
1763579546.470621 sending message 112 to peer 0x6242ed9f4c30 (11 bytes)
1763579546.470625 sending message 112 to peer 0x6242ed9f4c30 (12 bytes)
1763579546.470631 sending message 112 to peer 0x6242ed9f4c30 (13 bytes)
1763579546.470636 sending message 112 to peer 0x6242ed9f4c30 (13 bytes)
1763579546.470641 sending message 112 to peer 0x6242ed9f4c30 (13 bytes)
1763579546.470647 sending message 112 to peer 0x6242ed9f4c30 (13 bytes)
1763579546.470652 sending message 112 to peer 0x6242ed9f4c30 (13 bytes)
1763579546.470658 sending message 112 to peer 0x6242ed9f4c30 (11 bytes)
1763579546.470662 sending message 112 to peer 0x6242ed9f4c30 (12 bytes)
1763579546.470667 sending message 112 to peer 0x6242ed9f4c30 (12 bytes)
1763579546.470671 sending message 112 to peer 0x6242ed9f4c30 (12 bytes)
1763579546.470676 sending message 112 to peer 0x6242ed9f4c30 (12 bytes)
1763579546.470680 sending message 112 to peer 0x6242ed9f4c30 (12 bytes)
1763579546.470688 sending message 112 to peer 0x6242ed9f4c30 (21 bytes)
1763579546.470693 sending message 112 to peer 0x6242ed9f4c30 (12 bytes)
1763579546.470698 sending message 112 to peer 0x6242ed9f4c30 (9 bytes)
1763579546.470702 sending message 112 to peer 0x6242ed9f4c30 (6 bytes)
1763579546.470709 sending message 112 to peer 0x6242ed9f4c30 (13 bytes)
1763579546.470714 sending message 112 to peer 0x6242ed9f4c30 (10 bytes)
1763579546.470721 sending message 112 to peer 0x6242ed9f4c30 (24 bytes)
1763579546.470726 sending message 112 to peer 0x6242ed9f4c30 (13 bytes)
1763579546.470731 sending message 112 to peer 0x6242ed9f4c30 (9 bytes)
1763579546.470737 sending message 112 to peer 0x6242ed9f4c30 (70 bytes)
1763579546.470742 sending message 112 to peer 0x6242ed9f4c30 (69 bytes)
1763579546.470749 sending message 112 to peer 0x6242ed9f4c30 (12 bytes)
1763579546.470754 sending message 112 to peer 0x6242ed9f4c30 (10 bytes)
1763579546.470758 sending message 112 to peer 0x6242ed9f4c30 (10 bytes)
1763579546.470763 sending message 112 to peer 0x6242ed9f4c30 (24 bytes)
1763579546.470769 sending message 112 to peer 0x6242ed9f4c30 (13 bytes)
1763579546.470776 sending message 112 to peer 0x6242ed9f4c30 (10 bytes)
1763579546.470783 sending message 112 to peer 0x6242ed9f4c30 (10 bytes)
1763579546.470791 sending message 112 to peer 0x6242ed9f4c30 (10 bytes)
1763579546.470798 sending message 112 to peer 0x6242ed9f4c30 (13 bytes)
1763579546.470803 sending message 112 to peer 0x6242ed9f4c30 (15 bytes)
1763579546.470808 sending message 112 to peer 0x6242ed9f4c30 (5 bytes)
1763579546.470813 sending message 104 to peer 0x6242ed9f4c30 (0 bytes)
1763579546.470818 sending message 110 to peer 0x6242ed9f4c30 (0 bytes)
1763579546.470824 sending message 107 to peer 0x6242ed9f4c30 (4 bytes)
1763579546.470829 sending message 105 to peer 0x6242ed9f4c30 (16 bytes)
1763579546.470834 sending message 105 to peer 0x6242ed9f4c30 (128 bytes)
1763579546.470840 sending message 105 to peer 0x6242ed9f4c30 (19 bytes)
1763579546.470846 sending message 105 to peer 0x6242ed9f4c30 (20 bytes)
1763579546.470851 sending message 105 to peer 0x6242ed9f4c30 (45 bytes)
1763579546.470858 sending message 105 to peer 0x6242ed9f4c30 (33 bytes)
1763579546.470863 sending message 105 to peer 0x6242ed9f4c30 (23 bytes)
1763579546.470868 sending message 105 to peer 0x6242ed9f4c30 (44 bytes)
1763579546.470873 sending message 105 to peer 0x6242ed9f4c30 (19 bytes)
1763579546.470880 sending message 105 to peer 0x6242ed9f4c30 (18 bytes)
1763579546.470885 sending message 105 to peer 0x6242ed9f4c30 (32 bytes)
1763579546.470889 sending message 105 to peer 0x6242ed9f4c30 (43 bytes)
1763579546.470894 sending message 105 to peer 0x6242ed9f4c30 (20 bytes)
1763579546.470899 sending message 105 to peer 0x6242ed9f4c30 (23 bytes)
1763579546.470904 sending message 105 to peer 0x6242ed9f4c30 (28 bytes)
1763579546.470908 sending message 105 to peer 0x6242ed9f4c30 (42 bytes)
1763579546.470913 sending message 105 to peer 0x6242ed9f4c30 (59 bytes)
1763579546.470917 sending message 105 to peer 0x6242ed9f4c30 (17 bytes)
1763579546.470922 sending message 105 to peer 0x6242ed9f4c30 (27 bytes)
1763579546.470926 sending message 105 to peer 0x6242ed9f4c30 (21 bytes)
1763579546.470931 sending message 105 to peer 0x6242ed9f4c30 (54 bytes)
1763579546.470938 sending message 105 to peer 0x6242ed9f4c30 (24 bytes)
1763579546.470944 sending message 105 to peer 0x6242ed9f4c30 (43 bytes)
1763579546.470950 sending message 105 to peer 0x6242ed9f4c30 (13 bytes)
1763579546.470955 sending message 105 to peer 0x6242ed9f4c30 (20 bytes)
1763579546.470961 sending message 105 to peer 0x6242ed9f4c30 (18 bytes)
1763579546.470968 sending message 105 to peer 0x6242ed9f4c30 (18 bytes)
1763579546.470972 sending message 105 to peer 0x6242ed9f4c30 (17 bytes)
1763579546.470977 sending message 105 to peer 0x6242ed9f4c30 (33 bytes)
1763579546.470982 sending message 105 to peer 0x6242ed9f4c30 (17 bytes)
1763579546.470987 sending message 105 to peer 0x6242ed9f4c30 (86 bytes)
1763579546.470990 sending message 105 to peer 0x6242ed9f4c30 (23 bytes)
1763579546.470993 sending message 105 to peer 0x6242ed9f4c30 (20 bytes)
1763579546.470996 sending message 105 to peer 0x6242ed9f4c30 (14 bytes)
1763579546.471002 sending message 105 to peer 0x6242ed9f4c30 (31 bytes)
1763579546.471006 sending message 105 to peer 0x6242ed9f4c30 (11 bytes)
1763579546.471013 sending message 105 to peer 0x6242ed9f4c30 (8 bytes)
1763579546.471018 sending message 105 to peer 0x6242ed9f4c30 (18 bytes)
1763579546.471024 sending message 105 to peer 0x6242ed9f4c30 (33 bytes)
1763579546.471027 sending message 105 to peer 0x6242ed9f4c30 (24 bytes)
1763579546.471030 sending message 105 to peer 0x6242ed9f4c30 (102 bytes)
1763579546.471035 sending message 105 to peer 0x6242ed9f4c30 (385 bytes)
1763579546.471039 sending message 105 to peer 0x6242ed9f4c30 (18 bytes)
1763579546.471044 sending message 105 to peer 0x6242ed9f4c30 (56 bytes)
1763579546.471049 sending message 105 to peer 0x6242ed9f4c30 (25 bytes)
1763579546.471053 sending message 105 to peer 0x6242ed9f4c30 (16 bytes)
1763579546.471060 sending message 106 to peer 0x6242ed9f4c30 (0 bytes)
1763579546.471067 sending message 200 to peer 0x6242ed9f4c30 (4 bytes)
1763579546.471073 client loop enter
1763579546.471103 client_signal: Child exited
1763579546.515764 peer 0x6242ed9f4c30 message 207
1763579546.515785 sending message 208 to peer 0x6242ed9f4c30 (0 bytes)
